<?xml version="1.0" encoding="UTF-8"?>
<!-- Generated by org.testng.reporters.JUnitReportReporter -->
<testsuite hostname="DESKTOP-0L97EIC" failures="0" tests="2" name="com.maven.Apptest" time="0.040" errors="0" timestamp="2023-10-31T13:27:08 IST" skipped="0">
  <testcase classname="com.maven.Apptest" name="testlogin2" time="0.004"/>
  <system-out/>
  <testcase classname="com.maven.Apptest" name="testlogin1" time="0.036"/>
  <system-out/>
</testsuite> <!-- com.maven.Apptest -->
